<?xml version="1.0" encoding="UTF-8"?>
<!-- Generated by org.testng.reporters.JUnitXMLReporter -->
<testsuite hostname="Rainiersoft" ignored="0" name="Test-class test 1" tests="8" failures="0" timestamp="30 Sep 2019 08:44:28 GMT" time="0.238" errors="0">
  <testcase name="@BeforeMethod launcnBrowser" time="0.149" classname="testing.Parllertesting">
    <failure type="java.lang.IllegalStateException" message="The path to the driver executable must be set by the webdriver.gecko.driver system property; for more information, see https://github.com/mozilla/geckodriver. The latest version can be downloaded from https://github.com/mozilla/geckodriver/releases">
      <![CDATA[java.lang.IllegalStateException: The path to the driver executable must be set by the webdriver.gecko.driver system property; for more information, see https://github.com/mozilla/geckodriver. The latest version can be downloaded from https://github.com/mozilla/geckodriver/releases
at com.google.common.base.Preconditions.checkState(Preconditions.java:847)
at org.openqa.selenium.remote.service.DriverService.findExecutable(DriverService.java:134)
at org.openqa.selenium.firefox.GeckoDriverService.access$100(GeckoDriverService.java:44)
at org.openqa.selenium.firefox.GeckoDriverService$Builder.findDefaultExecutable(GeckoDriverService.java:167)
at org.openqa.selenium.remote.service.DriverService$Builder.build(DriverService.java:355)
at org.openqa.selenium.firefox.FirefoxDriver.toExecutor(FirefoxDriver.java:190)
at org.openqa.selenium.firefox.FirefoxDriver.<init>(FirefoxDriver.java:147)
at org.openqa.selenium.firefox.FirefoxDriver.<init>(FirefoxDriver.java:125)
at testing.Parllertesting.launcnBrowser(Parllertesting.java:22)
at java.util.concurrent.FutureTask.run(FutureTask.java:266)
at java.util.concurrent.ThreadPoolExecutor.runWorker(ThreadPoolExecutor.java:1149)
at java.util.concurrent.ThreadPoolExecutor$Worker.run(ThreadPoolExecutor.java:624)
at java.lang.Thread.run(Thread.java:748)
... Removed 19 stack frames]]>
    </failure>
  </testcase> <!-- @BeforeMethod launcnBrowser -->
  <testcase name="@BeforeMethod launcnBrowser" time="0.0" classname="testing.Parllertesting">
    <skipped/>
  </testcase> <!-- @BeforeMethod launcnBrowser -->
  <testcase name="@BeforeMethod launcnBrowser" time="0.0" classname="testing.Parllertesting">
    <skipped/>
  </testcase> <!-- @BeforeMethod launcnBrowser -->
  <testcase name="@BeforeMethod launcnBrowser" time="0.0" classname="testing.Parllertesting">
    <skipped/>
  </testcase> <!-- @BeforeMethod launcnBrowser -->
  <testcase name="M1" time="0.0" classname="testing.Parllertesting">
    <skipped/>
  </testcase> <!-- M1 -->
  <testcase name="M2" time="0.0" classname="testing.Parllertesting">
    <skipped/>
  </testcase> <!-- M2 -->
  <testcase name="M3" time="0.0" classname="testing.Parllertesting">
    <skipped/>
  </testcase> <!-- M3 -->
  <testcase name="M4" time="0.0" classname="testing.Parllertesting">
    <skipped/>
  </testcase> <!-- M4 -->
  <testcase name="M5" time="0.001" classname="testing.parller1"/>
  <testcase name="M6" time="0.001" classname="testing.parller1"/>
  <testcase name="M7" time="0.001" classname="testing.parller1"/>
  <testcase name="M8" time="0.002" classname="testing.parller1"/>
</testsuite> <!-- Test-class test 1 -->
