<?xml version="1.0" encoding="UTF-8"?>
<!-- Generated by org.testng.reporters.JUnitReportReporter -->
<testsuite skipped="0" hostname="Rainiersoft" name="testing.parller1" tests="8" failures="0" timestamp="30 Sep 2019 08:44:31 GMT" time="0.012" errors="0">
  <testcase name="M6" time="0.001" classname="testing.parller1"/>
  <testcase name="M8" time="0.002" classname="testing.parller1"/>
  <testcase name="M8" time="0.002" classname="testing.parller1"/>
  <testcase name="M7" time="0.001" classname="testing.parller1"/>
  <testcase name="M7" time="0.001" classname="testing.parller1"/>
  <testcase name="M5" time="0.001" classname="testing.parller1"/>
  <testcase name="M6" time="0.001" classname="testing.parller1"/>
  <testcase name="M5" time="0.003" classname="testing.parller1"/>
</testsuite> <!-- testing.parller1 -->
