<?xml version="1.0" encoding="UTF-8"?>
<!-- Generated by org.testng.reporters.JUnitReportReporter -->
<testsuite skipped="0" hostname="Rainiersoft" name="testing.dependtest" tests="4" failures="0" timestamp="26 Sep 2019 08:27:27 GMT" time="0.005" errors="0">
  <testcase name="f4" time="0.001" classname="testing.dependtest"/>
  <testcase name="f2" time="0.001" classname="testing.dependtest"/>
  <testcase name="f3" time="0.002" classname="testing.dependtest"/>
  <testcase name="f1" time="0.001" classname="testing.dependtest"/>
</testsuite> <!-- testing.dependtest -->
