<?xml version="1.0" encoding="UTF-8"?>
<!-- Generated by org.testng.reporters.JUnitReportReporter -->
<testsuite skipped="0" hostname="Rainiersoft" name="testing.Count" tests="20" failures="0" timestamp="26 Sep 2019 08:27:27 GMT" time="0.058" errors="0">
  <testcase name="f" time="0.001" classname="testing.Count"/>
  <testcase name="f" time="0.001" classname="testing.Count"/>
  <testcase name="f" time="0.004" classname="testing.Count"/>
  <testcase name="f" time="0.002" classname="testing.Count"/>
  <testcase name="f" time="0.001" classname="testing.Count"/>
  <testcase name="f" time="0.001" classname="testing.Count"/>
  <testcase name="f" time="0.001" classname="testing.Count"/>
  <testcase name="f" time="0.002" classname="testing.Count"/>
  <testcase name="f" time="0.003" classname="testing.Count"/>
  <testcase name="f" time="0.001" classname="testing.Count"/>
  <testcase name="f" time="0.001" classname="testing.Count"/>
  <testcase name="f" time="0.009" classname="testing.Count"/>
  <testcase name="f" time="0.007" classname="testing.Count"/>
  <testcase name="f" time="0.004" classname="testing.Count"/>
  <testcase name="f" time="0.002" classname="testing.Count"/>
  <testcase name="f" time="0.002" classname="testing.Count"/>
  <testcase name="f" time="0.001" classname="testing.Count"/>
  <testcase name="f" time="0.011" classname="testing.Count"/>
  <testcase name="f" time="0.002" classname="testing.Count"/>
  <testcase name="f" time="0.002" classname="testing.Count"/>
</testsuite> <!-- testing.Count -->
