<?xml version="1.0" encoding="UTF-8"?>
<!-- Generated by org.testng.reporters.JUnitReportReporter -->
<testsuite skipped="0" hostname="Rainiersoft" name="testing.NewTest" tests="2" failures="0" timestamp="01 Aug 2019 10:30:40 GMT" time="0.013" errors="0">
  <testcase name="f4" time="0.001" classname="testing.NewTest"/>
  <testcase name="f3" time="0.012" classname="testing.NewTest"/>
</testsuite> <!-- testing.NewTest -->
